{"D:\\Projects\\Parther_Technologies\\logistic\\server\\src\\modules\\time-tracking\\application\\compliance\\cqrs\\projectors\\BaseProjector.ts": {"path":"D:\\Projects\\Parther_Technologies\\logistic\\server\\src\\modules\\time-tracking\\application\\compliance\\cqrs\\projectors\\BaseProjector.ts","statementMap":{"0":{"start":{"line":13,"column":30},"end":{"line":13,"column":53}},"1":{"start":{"line":16,"column":24},"end":{"line":16,"column":null}},"2":{"start":{"line":17,"column":4},"end":{"line":20,"column":null}},"3":{"start":{"line":19,"column":6},"end":{"line":19,"column":null}},"4":{"start":{"line":22,"column":27},"end":{"line":22,"column":null}},"5":{"start":{"line":23,"column":4},"end":{"line":26,"column":null}},"6":{"start":{"line":25,"column":6},"end":{"line":25,"column":null}},"7":{"start":{"line":28,"column":4},"end":{"line":30,"column":null}},"8":{"start":{"line":29,"column":6},"end":{"line":29,"column":null}},"9":{"start":{"line":32,"column":4},"end":{"line":32,"column":null}},"10":{"start":{"line":33,"column":4},"end":{"line":33,"column":null}}},"fnMap":{"0":{"name":"constructor","decl":{"start":{"line":13,"column":2},"end":{"line":13,"column":14}},"loc":{"start":{"line":13,"column":53},"end":{"line":13,"column":null}},"line":13},"1":{"name":"project","decl":{"start":{"line":15,"column":15},"end":{"line":15,"column":23}},"loc":{"start":{"line":15,"column":78},"end":{"line":34,"column":null}},"line":15}},"branchMap":{"0":{"loc":{"start":{"line":17,"column":4},"end":{"line":20,"column":null}},"type":"if","locations":[{"start":{"line":17,"column":4},"end":{"line":20,"column":null}},{"start":{},"end":{}}],"line":17},"1":{"loc":{"start":{"line":23,"column":4},"end":{"line":26,"column":null}},"type":"if","locations":[{"start":{"line":23,"column":4},"end":{"line":26,"column":null}},{"start":{},"end":{}}],"line":23},"2":{"loc":{"start":{"line":28,"column":4},"end":{"line":30,"column":null}},"type":"if","locations":[{"start":{"line":28,"column":4},"end":{"line":30,"column":null}},{"start":{},"end":{}}],"line":28}},"s":{"0":1,"1":4,"2":4,"3":0,"4":4,"5":4,"6":0,"7":4,"8":0,"9":4,"10":4},"f":{"0":1,"1":4},"b":{"0":[0,4],"1":[0,4],"2":[0,4]},"meta":{"lastBranch":3,"lastFunction":2,"lastStatement":11,"seen":{"f:13:2:13:14":0,"s:13:30:13:53":0,"f:15:15:15:23":1,"s:16:24:16:Infinity":1,"b:17:4:20:Infinity:undefined:undefined:undefined:undefined":0,"s:17:4:20:Infinity":2,"s:19:6:19:Infinity":3,"s:22:27:22:Infinity":4,"b:23:4:26:Infinity:undefined:undefined:undefined:undefined":1,"s:23:4:26:Infinity":5,"s:25:6:25:Infinity":6,"b:28:4:30:Infinity:undefined:undefined:undefined:undefined":2,"s:28:4:30:Infinity":7,"s:29:6:29:Infinity":8,"s:32:4:32:Infinity":9,"s:33:4:33:Infinity":10},"fnNames":{}}}
,"D:\\Projects\\Parther_Technologies\\logistic\\server\\src\\modules\\time-tracking\\application\\compliance\\cqrs\\replay\\ProjectionReplayEngine.ts": {"path":"D:\\Projects\\Parther_Technologies\\logistic\\server\\src\\modules\\time-tracking\\application\\compliance\\cqrs\\replay\\ProjectionReplayEngine.ts","statementMap":{"0":{"start":{"line":29,"column":12},"end":{"line":29,"column":null}},"1":{"start":{"line":30,"column":12},"end":{"line":30,"column":null}},"2":{"start":{"line":31,"column":12},"end":{"line":31,"column":null}},"3":{"start":{"line":39,"column":4},"end":{"line":42,"column":null}},"4":{"start":{"line":40,"column":6},"end":{"line":40,"column":null}},"5":{"start":{"line":41,"column":6},"end":{"line":41,"column":null}},"6":{"start":{"line":45,"column":24},"end":{"line":45,"column":null}},"7":{"start":{"line":47,"column":4},"end":{"line":57,"column":null}},"8":{"start":{"line":49,"column":6},"end":{"line":56,"column":null}},"9":{"start":{"line":50,"column":43},"end":{"line":50,"column":null}},"10":{"start":{"line":53,"column":8},"end":{"line":55,"column":null}},"11":{"start":{"line":54,"column":10},"end":{"line":54,"column":null}},"12":{"start":{"line":64,"column":22},"end":{"line":64,"column":null}},"13":{"start":{"line":64,"column":48},"end":{"line":64,"column":81}},"14":{"start":{"line":65,"column":4},"end":{"line":67,"column":null}},"15":{"start":{"line":66,"column":6},"end":{"line":66,"column":null}},"16":{"start":{"line":69,"column":4},"end":{"line":69,"column":null}},"17":{"start":{"line":70,"column":4},"end":{"line":70,"column":null}},"18":{"start":{"line":72,"column":24},"end":{"line":72,"column":null}},"19":{"start":{"line":73,"column":4},"end":{"line":77,"column":null}},"20":{"start":{"line":74,"column":6},"end":{"line":76,"column":null}},"21":{"start":{"line":75,"column":8},"end":{"line":75,"column":null}}},"fnMap":{"0":{"name":"constructor","decl":{"start":{"line":28,"column":2},"end":{"line":28,"column":null}},"loc":{"start":{"line":32,"column":4},"end":{"line":32,"column":null}},"line":32},"1":{"name":"rebuildAllProjections","decl":{"start":{"line":37,"column":15},"end":{"line":37,"column":54}},"loc":{"start":{"line":37,"column":54},"end":{"line":58,"column":null}},"line":37},"2":{"name":"(anonymous_2)","decl":{"start":{"line":49,"column":49},"end":{"line":49,"column":56}},"loc":{"start":{"line":49,"column":63},"end":{"line":56,"column":7}},"line":49},"3":{"name":"rebuildSingleProjection","decl":{"start":{"line":63,"column":15},"end":{"line":63,"column":39}},"loc":{"start":{"line":63,"column":77},"end":{"line":78,"column":null}},"line":63},"4":{"name":"(anonymous_4)","decl":{"start":{"line":64,"column":38},"end":{"line":64,"column":43}},"loc":{"start":{"line":64,"column":48},"end":{"line":64,"column":81}},"line":64},"5":{"name":"(anonymous_5)","decl":{"start":{"line":74,"column":49},"end":{"line":74,"column":56}},"loc":{"start":{"line":74,"column":63},"end":{"line":76,"column":7}},"line":74}},"branchMap":{"0":{"loc":{"start":{"line":65,"column":4},"end":{"line":67,"column":null}},"type":"if","locations":[{"start":{"line":65,"column":4},"end":{"line":67,"column":null}},{"start":{},"end":{}}],"line":65}},"s":{"0":1,"1":1,"2":1,"3":1,"4":1,"5":1,"6":1,"7":1,"8":2,"9":2,"10":2,"11":2,"12":1,"13":1,"14":1,"15":0,"16":1,"17":1,"18":1,"19":1,"20":2,"21":2},"f":{"0":1,"1":1,"2":2,"3":1,"4":1,"5":2},"b":{"0":[0,1]},"meta":{"lastBranch":1,"lastFunction":6,"lastStatement":22,"seen":{"f:28:2:28:Infinity":0,"s:29:12:29:Infinity":0,"s:30:12:30:Infinity":1,"s:31:12:31:Infinity":2,"f:37:15:37:54":1,"s:39:4:42:Infinity":3,"s:40:6:40:Infinity":4,"s:41:6:41:Infinity":5,"s:45:24:45:Infinity":6,"s:47:4:57:Infinity":7,"s:49:6:56:Infinity":8,"f:49:49:49:56":2,"s:50:43:50:Infinity":9,"s:53:8:55:Infinity":10,"s:54:10:54:Infinity":11,"f:63:15:63:39":3,"s:64:22:64:Infinity":12,"f:64:38:64:43":4,"s:64:48:64:81":13,"b:65:4:67:Infinity:undefined:undefined:undefined:undefined":0,"s:65:4:67:Infinity":14,"s:66:6:66:Infinity":15,"s:69:4:69:Infinity":16,"s:70:4:70:Infinity":17,"s:72:24:72:Infinity":18,"s:73:4:77:Infinity":19,"s:74:6:76:Infinity":20,"f:74:49:74:56":5,"s:75:8:75:Infinity":21},"fnNames":{}}}
,"D:\\Projects\\Parther_Technologies\\logistic\\server\\src\\modules\\time-tracking\\application\\compliance\\services\\WorkerComplianceApplicationService.ts": {"path":"D:\\Projects\\Parther_Technologies\\logistic\\server\\src\\modules\\time-tracking\\application\\compliance\\services\\WorkerComplianceApplicationService.ts","statementMap":{"0":{"start":{"line":42,"column":12},"end":{"line":42,"column":null}},"1":{"start":{"line":43,"column":12},"end":{"line":43,"column":null}},"2":{"start":{"line":44,"column":12},"end":{"line":44,"column":null}},"3":{"start":{"line":45,"column":12},"end":{"line":45,"column":null}},"4":{"start":{"line":50,"column":4},"end":{"line":50,"column":null}},"5":{"start":{"line":53,"column":21},"end":{"line":53,"column":null}},"6":{"start":{"line":54,"column":4},"end":{"line":56,"column":null}},"7":{"start":{"line":55,"column":6},"end":{"line":55,"column":null}},"8":{"start":{"line":59,"column":23},"end":{"line":67,"column":null}},"9":{"start":{"line":70,"column":15},"end":{"line":70,"column":null}},"10":{"start":{"line":71,"column":4},"end":{"line":79,"column":null}},"11":{"start":{"line":72,"column":6},"end":{"line":72,"column":null}},"12":{"start":{"line":74,"column":6},"end":{"line":74,"column":null}},"13":{"start":{"line":75,"column":6},"end":{"line":75,"column":null}},"14":{"start":{"line":77,"column":6},"end":{"line":77,"column":null}},"15":{"start":{"line":78,"column":6},"end":{"line":78,"column":null}},"16":{"start":{"line":83,"column":23},"end":{"line":83,"column":null}},"17":{"start":{"line":85,"column":27},"end":{"line":85,"column":null}},"18":{"start":{"line":86,"column":23},"end":{"line":86,"column":null}},"19":{"start":{"line":87,"column":27},"end":{"line":87,"column":null}},"20":{"start":{"line":89,"column":23},"end":{"line":99,"column":null}},"21":{"start":{"line":101,"column":4},"end":{"line":101,"column":null}},"22":{"start":{"line":103,"column":4},"end":{"line":103,"column":null}},"23":{"start":{"line":111,"column":23},"end":{"line":111,"column":null}},"24":{"start":{"line":113,"column":23},"end":{"line":113,"column":null}},"25":{"start":{"line":113,"column":81},"end":{"line":113,"column":110}},"26":{"start":{"line":114,"column":4},"end":{"line":116,"column":null}},"27":{"start":{"line":115,"column":6},"end":{"line":115,"column":null}},"28":{"start":{"line":118,"column":18},"end":{"line":125,"column":null}},"29":{"start":{"line":127,"column":4},"end":{"line":127,"column":null}},"30":{"start":{"line":128,"column":4},"end":{"line":128,"column":null}},"31":{"start":{"line":130,"column":4},"end":{"line":130,"column":null}},"32":{"start":{"line":134,"column":23},"end":{"line":134,"column":null}},"33":{"start":{"line":135,"column":4},"end":{"line":135,"column":null}},"34":{"start":{"line":136,"column":4},"end":{"line":136,"column":null}},"35":{"start":{"line":140,"column":23},"end":{"line":140,"column":null}},"36":{"start":{"line":142,"column":22},"end":{"line":150,"column":null}},"37":{"start":{"line":152,"column":4},"end":{"line":152,"column":null}},"38":{"start":{"line":153,"column":4},"end":{"line":153,"column":null}},"39":{"start":{"line":161,"column":23},"end":{"line":161,"column":null}},"40":{"start":{"line":164,"column":28},"end":{"line":164,"column":null}},"41":{"start":{"line":167,"column":4},"end":{"line":167,"column":null}},"42":{"start":{"line":169,"column":4},"end":{"line":169,"column":null}},"43":{"start":{"line":177,"column":23},"end":{"line":177,"column":null}},"44":{"start":{"line":178,"column":4},"end":{"line":180,"column":null}},"45":{"start":{"line":179,"column":6},"end":{"line":179,"column":null}},"46":{"start":{"line":181,"column":4},"end":{"line":181,"column":null}},"47":{"start":{"line":185,"column":4},"end":{"line":185,"column":null}},"48":{"start":{"line":186,"column":15},"end":{"line":186,"column":null}},"49":{"start":{"line":187,"column":4},"end":{"line":196,"column":null}},"50":{"start":{"line":188,"column":6},"end":{"line":188,"column":null}},"51":{"start":{"line":189,"column":21},"end":{"line":189,"column":null}},"52":{"start":{"line":190,"column":6},"end":{"line":190,"column":null}},"53":{"start":{"line":191,"column":6},"end":{"line":191,"column":null}},"54":{"start":{"line":192,"column":6},"end":{"line":192,"column":null}},"55":{"start":{"line":194,"column":6},"end":{"line":194,"column":null}},"56":{"start":{"line":195,"column":6},"end":{"line":195,"column":null}}},"fnMap":{"0":{"name":"constructor","decl":{"start":{"line":41,"column":2},"end":{"line":41,"column":null}},"loc":{"start":{"line":46,"column":4},"end":{"line":46,"column":null}},"line":46},"1":{"name":"createWorkerCompliance","decl":{"start":{"line":48,"column":15},"end":{"line":48,"column":38}},"loc":{"start":{"line":48,"column":93},"end":{"line":80,"column":null}},"line":48},"2":{"name":"addWorkerCredential","decl":{"start":{"line":82,"column":15},"end":{"line":82,"column":35}},"loc":{"start":{"line":82,"column":87},"end":{"line":104,"column":null}},"line":82},"3":{"name":"updateWorkerCredential","decl":{"start":{"line":106,"column":15},"end":{"line":106,"column":38}},"loc":{"start":{"line":106,"column":93},"end":{"line":108,"column":null}},"line":106},"4":{"name":"verifyWorkerCredential","decl":{"start":{"line":110,"column":15},"end":{"line":110,"column":38}},"loc":{"start":{"line":110,"column":93},"end":{"line":131,"column":null}},"line":110},"5":{"name":"(anonymous_5)","decl":{"start":{"line":113,"column":51},"end":{"line":113,"column":57}},"loc":{"start":{"line":113,"column":81},"end":{"line":113,"column":110}},"line":113},"6":{"name":"revokeWorkerCredential","decl":{"start":{"line":133,"column":15},"end":{"line":133,"column":38}},"loc":{"start":{"line":133,"column":93},"end":{"line":137,"column":null}},"line":133},"7":{"name":"grantComplianceExemption","decl":{"start":{"line":139,"column":15},"end":{"line":139,"column":40}},"loc":{"start":{"line":139,"column":97},"end":{"line":154,"column":null}},"line":139},"8":{"name":"revokeComplianceExemption","decl":{"start":{"line":156,"column":15},"end":{"line":156,"column":41}},"loc":{"start":{"line":156,"column":99},"end":{"line":158,"column":null}},"line":156},"9":{"name":"evaluateWorkerCompliance","decl":{"start":{"line":160,"column":15},"end":{"line":160,"column":40}},"loc":{"start":{"line":160,"column":97},"end":{"line":170,"column":null}},"line":160},"10":{"name":"archiveWorkerCompliance","decl":{"start":{"line":172,"column":15},"end":{"line":172,"column":39}},"loc":{"start":{"line":172,"column":95},"end":{"line":174,"column":null}},"line":172},"11":{"name":"getComplianceOrThrow","decl":{"start":{"line":176,"column":16},"end":{"line":176,"column":37}},"loc":{"start":{"line":176,"column":82},"end":{"line":182,"column":null}},"line":176},"12":{"name":"saveAndPublish","decl":{"start":{"line":184,"column":16},"end":{"line":184,"column":31}},"loc":{"start":{"line":184,"column":76},"end":{"line":197,"column":null}},"line":184}},"branchMap":{"0":{"loc":{"start":{"line":54,"column":4},"end":{"line":56,"column":null}},"type":"if","locations":[{"start":{"line":54,"column":4},"end":{"line":56,"column":null}},{"start":{},"end":{}}],"line":54},"1":{"loc":{"start":{"line":86,"column":23},"end":{"line":86,"column":null}},"type":"cond-expr","locations":[{"start":{"line":86,"column":44},"end":{"line":86,"column":84}},{"start":{"line":86,"column":84},"end":{"line":86,"column":null}}],"line":86},"2":{"loc":{"start":{"line":114,"column":4},"end":{"line":116,"column":null}},"type":"if","locations":[{"start":{"line":114,"column":4},"end":{"line":116,"column":null}},{"start":{},"end":{}}],"line":114},"3":{"loc":{"start":{"line":178,"column":4},"end":{"line":180,"column":null}},"type":"if","locations":[{"start":{"line":178,"column":4},"end":{"line":180,"column":null}},{"start":{},"end":{}}],"line":178}},"s":{"0":1,"1":1,"2":1,"3":1,"4":4,"5":4,"6":4,"7":0,"8":4,"9":4,"10":4,"11":4,"12":4,"13":4,"14":1,"15":1,"16":2,"17":2,"18":2,"19":2,"20":2,"21":2,"22":2,"23":0,"24":0,"25":0,"26":0,"27":0,"28":0,"29":0,"30":0,"31":0,"32":0,"33":0,"34":0,"35":0,"36":0,"37":0,"38":0,"39":0,"40":0,"41":0,"42":0,"43":2,"44":2,"45":0,"46":2,"47":2,"48":2,"49":2,"50":2,"51":2,"52":2,"53":2,"54":2,"55":0,"56":0},"f":{"0":1,"1":4,"2":2,"3":0,"4":0,"5":0,"6":0,"7":0,"8":0,"9":0,"10":0,"11":2,"12":2},"b":{"0":[0,4],"1":[2,0],"2":[0,0],"3":[0,2]},"meta":{"lastBranch":4,"lastFunction":13,"lastStatement":57,"seen":{"f:41:2:41:Infinity":0,"s:42:12:42:Infinity":0,"s:43:12:43:Infinity":1,"s:44:12:44:Infinity":2,"s:45:12:45:Infinity":3,"f:48:15:48:38":1,"s:50:4:50:Infinity":4,"s:53:21:53:Infinity":5,"b:54:4:56:Infinity:undefined:undefined:undefined:undefined":0,"s:54:4:56:Infinity":6,"s:55:6:55:Infinity":7,"s:59:23:67:Infinity":8,"s:70:15:70:Infinity":9,"s:71:4:79:Infinity":10,"s:72:6:72:Infinity":11,"s:74:6:74:Infinity":12,"s:75:6:75:Infinity":13,"s:77:6:77:Infinity":14,"s:78:6:78:Infinity":15,"f:82:15:82:35":2,"s:83:23:83:Infinity":16,"s:85:27:85:Infinity":17,"s:86:23:86:Infinity":18,"b:86:44:86:84:86:84:86:Infinity":1,"s:87:27:87:Infinity":19,"s:89:23:99:Infinity":20,"s:101:4:101:Infinity":21,"s:103:4:103:Infinity":22,"f:106:15:106:38":3,"f:110:15:110:38":4,"s:111:23:111:Infinity":23,"s:113:23:113:Infinity":24,"f:113:51:113:57":5,"s:113:81:113:110":25,"b:114:4:116:Infinity:undefined:undefined:undefined:undefined":2,"s:114:4:116:Infinity":26,"s:115:6:115:Infinity":27,"s:118:18:125:Infinity":28,"s:127:4:127:Infinity":29,"s:128:4:128:Infinity":30,"s:130:4:130:Infinity":31,"f:133:15:133:38":6,"s:134:23:134:Infinity":32,"s:135:4:135:Infinity":33,"s:136:4:136:Infinity":34,"f:139:15:139:40":7,"s:140:23:140:Infinity":35,"s:142:22:150:Infinity":36,"s:152:4:152:Infinity":37,"s:153:4:153:Infinity":38,"f:156:15:156:41":8,"f:160:15:160:40":9,"s:161:23:161:Infinity":39,"s:164:28:164:Infinity":40,"s:167:4:167:Infinity":41,"s:169:4:169:Infinity":42,"f:172:15:172:39":10,"f:176:16:176:37":11,"s:177:23:177:Infinity":43,"b:178:4:180:Infinity:undefined:undefined:undefined:undefined":3,"s:178:4:180:Infinity":44,"s:179:6:179:Infinity":45,"s:181:4:181:Infinity":46,"f:184:16:184:31":12,"s:185:4:185:Infinity":47,"s:186:15:186:Infinity":48,"s:187:4:196:Infinity":49,"s:188:6:188:Infinity":50,"s:189:21:189:Infinity":51,"s:190:6:190:Infinity":52,"s:191:6:191:Infinity":53,"s:192:6:192:Infinity":54,"s:194:6:194:Infinity":55,"s:195:6:195:Infinity":56},"fnNames":{}}}
,"D:\\Projects\\Parther_Technologies\\logistic\\server\\src\\modules\\time-tracking\\domain\\aggregates\\compliance\\WorkerCompliance.aggregate.ts": {"path":"D:\\Projects\\Parther_Technologies\\logistic\\server\\src\\modules\\time-tracking\\domain\\aggregates\\compliance\\WorkerCompliance.aggregate.ts","statementMap":{"0":{"start":{"line":8,"column":7},"end":{"line":12,"column":null}},"1":{"start":{"line":9,"column":2},"end":{"line":9,"column":null}},"2":{"start":{"line":10,"column":2},"end":{"line":10,"column":null}},"3":{"start":{"line":11,"column":2},"end":{"line":11,"column":null}},"4":{"start":{"line":15,"column":44},"end":{"line":15,"column":null}},"5":{"start":{"line":16,"column":46},"end":{"line":16,"column":null}},"6":{"start":{"line":17,"column":32},"end":{"line":17,"column":null}},"7":{"start":{"line":20,"column":20},"end":{"line":20,"column":null}},"8":{"start":{"line":21,"column":20},"end":{"line":21,"column":null}},"9":{"start":{"line":22,"column":12},"end":{"line":22,"column":null}},"10":{"start":{"line":23,"column":12},"end":{"line":23,"column":null}},"11":{"start":{"line":24,"column":12},"end":{"line":24,"column":null}},"12":{"start":{"line":25,"column":20},"end":{"line":25,"column":null}},"13":{"start":{"line":26,"column":20},"end":{"line":26,"column":null}},"14":{"start":{"line":32,"column":4},"end":{"line":32,"column":null}},"15":{"start":{"line":36,"column":4},"end":{"line":36,"column":null}},"16":{"start":{"line":40,"column":4},"end":{"line":40,"column":null}},"17":{"start":{"line":44,"column":4},"end":{"line":44,"column":null}},"18":{"start":{"line":48,"column":4},"end":{"line":48,"column":null}},"19":{"start":{"line":52,"column":4},"end":{"line":52,"column":null}},"20":{"start":{"line":56,"column":4},"end":{"line":56,"column":null}},"21":{"start":{"line":61,"column":21},"end":{"line":61,"column":null}},"22":{"start":{"line":61,"column":48},"end":{"line":61,"column":117}},"23":{"start":{"line":62,"column":4},"end":{"line":64,"column":null}},"24":{"start":{"line":63,"column":6},"end":{"line":63,"column":null}},"25":{"start":{"line":66,"column":4},"end":{"line":66,"column":null}},"26":{"start":{"line":67,"column":4},"end":{"line":72,"column":null}},"27":{"start":{"line":74,"column":4},"end":{"line":74,"column":null}},"28":{"start":{"line":78,"column":4},"end":{"line":78,"column":null}},"29":{"start":{"line":79,"column":4},"end":{"line":79,"column":null}},"30":{"start":{"line":83,"column":23},"end":{"line":83,"column":null}},"31":{"start":{"line":83,"column":50},"end":{"line":83,"column":71}},"32":{"start":{"line":84,"column":4},"end":{"line":86,"column":null}},"33":{"start":{"line":85,"column":6},"end":{"line":85,"column":null}},"34":{"start":{"line":88,"column":4},"end":{"line":88,"column":null}},"35":{"start":{"line":89,"column":4},"end":{"line":94,"column":null}},"36":{"start":{"line":96,"column":4},"end":{"line":96,"column":null}},"37":{"start":{"line":104,"column":25},"end":{"line":104,"column":null}},"38":{"start":{"line":105,"column":20},"end":{"line":105,"column":null}},"39":{"start":{"line":107,"column":4},"end":{"line":118,"column":null}},"40":{"start":{"line":108,"column":6},"end":{"line":110,"column":null}},"41":{"start":{"line":109,"column":8},"end":{"line":109,"column":null}},"42":{"start":{"line":111,"column":6},"end":{"line":117,"column":null}},"43":{"start":{"line":113,"column":29},"end":{"line":113,"column":null}},"44":{"start":{"line":113,"column":55},"end":{"line":113,"column":69}},"45":{"start":{"line":114,"column":8},"end":{"line":116,"column":null}},"46":{"start":{"line":115,"column":10},"end":{"line":115,"column":null}},"47":{"start":{"line":120,"column":22},"end":{"line":120,"column":null}},"48":{"start":{"line":121,"column":8},"end":{"line":121,"column":null}},"49":{"start":{"line":123,"column":4},"end":{"line":127,"column":null}},"50":{"start":{"line":124,"column":6},"end":{"line":124,"column":null}},"51":{"start":{"line":125,"column":11},"end":{"line":127,"column":null}},"52":{"start":{"line":126,"column":6},"end":{"line":126,"column":null}},"53":{"start":{"line":129,"column":4},"end":{"line":138,"column":null}},"54":{"start":{"line":130,"column":6},"end":{"line":130,"column":null}},"55":{"start":{"line":131,"column":6},"end":{"line":137,"column":null}},"56":{"start":{"line":142,"column":4},"end":{"line":142,"column":null}}},"fnMap":{"0":{"name":"(anonymous_0)","decl":{"start":{"line":8,"column":7},"end":{"line":8,"column":12}},"loc":{"start":{"line":8,"column":7},"end":{"line":12,"column":null}},"line":8},"1":{"name":"constructor","decl":{"start":{"line":19,"column":2},"end":{"line":19,"column":null}},"loc":{"start":{"line":27,"column":4},"end":{"line":29,"column":null}},"line":27},"2":{"name":"getStatus","decl":{"start":{"line":31,"column":2},"end":{"line":31,"column":9}},"loc":{"start":{"line":31,"column":45},"end":{"line":33,"column":null}},"line":31},"3":{"name":"getPolicySnapshot","decl":{"start":{"line":35,"column":2},"end":{"line":35,"column":9}},"loc":{"start":{"line":35,"column":45},"end":{"line":37,"column":null}},"line":35},"4":{"name":"getAggregateVersion","decl":{"start":{"line":39,"column":2},"end":{"line":39,"column":9}},"loc":{"start":{"line":39,"column":39},"end":{"line":41,"column":null}},"line":39},"5":{"name":"getCredentials","decl":{"start":{"line":43,"column":2},"end":{"line":43,"column":9}},"loc":{"start":{"line":43,"column":59},"end":{"line":45,"column":null}},"line":43},"6":{"name":"getExemptions","decl":{"start":{"line":47,"column":2},"end":{"line":47,"column":9}},"loc":{"start":{"line":47,"column":61},"end":{"line":49,"column":null}},"line":47},"7":{"name":"getDomainEvents","decl":{"start":{"line":51,"column":2},"end":{"line":51,"column":9}},"loc":{"start":{"line":51,"column":47},"end":{"line":53,"column":null}},"line":51},"8":{"name":"clearDomainEvents","decl":{"start":{"line":55,"column":2},"end":{"line":55,"column":9}},"loc":{"start":{"line":55,"column":35},"end":{"line":57,"column":null}},"line":55},"9":{"name":"addCredential","decl":{"start":{"line":59,"column":2},"end":{"line":59,"column":9}},"loc":{"start":{"line":59,"column":59},"end":{"line":75,"column":null}},"line":59},"10":{"name":"(anonymous_10)","decl":{"start":{"line":61,"column":38},"end":{"line":61,"column":43}},"loc":{"start":{"line":61,"column":48},"end":{"line":61,"column":117}},"line":61},"11":{"name":"addExemption","decl":{"start":{"line":77,"column":2},"end":{"line":77,"column":9}},"loc":{"start":{"line":77,"column":60},"end":{"line":80,"column":null}},"line":77},"12":{"name":"revokeCredential","decl":{"start":{"line":82,"column":2},"end":{"line":82,"column":9}},"loc":{"start":{"line":82,"column":70},"end":{"line":97,"column":null}},"line":82},"13":{"name":"(anonymous_13)","decl":{"start":{"line":83,"column":40},"end":{"line":83,"column":45}},"loc":{"start":{"line":83,"column":50},"end":{"line":83,"column":71}},"line":83},"14":{"name":"evaluateComplianceStatus","decl":{"start":{"line":99,"column":2},"end":{"line":99,"column":9}},"loc":{"start":{"line":99,"column":42},"end":{"line":139,"column":null}},"line":99},"15":{"name":"(anonymous_15)","decl":{"start":{"line":113,"column":45},"end":{"line":113,"column":50}},"loc":{"start":{"line":113,"column":55},"end":{"line":113,"column":69}},"line":113},"16":{"name":"incrementVersion","decl":{"start":{"line":141,"column":2},"end":{"line":141,"column":9}},"loc":{"start":{"line":141,"column":34},"end":{"line":143,"column":null}},"line":141}},"branchMap":{"0":{"loc":{"start":{"line":61,"column":48},"end":{"line":61,"column":117}},"type":"binary-expr","locations":[{"start":{"line":61,"column":48},"end":{"line":61,"column":78}},{"start":{"line":61,"column":78},"end":{"line":61,"column":117}}],"line":61},"1":{"loc":{"start":{"line":62,"column":4},"end":{"line":64,"column":null}},"type":"if","locations":[{"start":{"line":62,"column":4},"end":{"line":64,"column":null}},{"start":{},"end":{}}],"line":62},"2":{"loc":{"start":{"line":84,"column":4},"end":{"line":86,"column":null}},"type":"if","locations":[{"start":{"line":84,"column":4},"end":{"line":86,"column":null}},{"start":{},"end":{}}],"line":84},"3":{"loc":{"start":{"line":108,"column":6},"end":{"line":110,"column":null}},"type":"if","locations":[{"start":{"line":108,"column":6},"end":{"line":110,"column":null}},{"start":{},"end":{}}],"line":108},"4":{"loc":{"start":{"line":111,"column":6},"end":{"line":117,"column":null}},"type":"if","locations":[{"start":{"line":111,"column":6},"end":{"line":117,"column":null}},{"start":{},"end":{}}],"line":111},"5":{"loc":{"start":{"line":111,"column":10},"end":{"line":111,"column":102}},"type":"binary-expr","locations":[{"start":{"line":111,"column":10},"end":{"line":111,"column":57}},{"start":{"line":111,"column":57},"end":{"line":111,"column":102}}],"line":111},"6":{"loc":{"start":{"line":114,"column":8},"end":{"line":116,"column":null}},"type":"if","locations":[{"start":{"line":114,"column":8},"end":{"line":116,"column":null}},{"start":{},"end":{}}],"line":114},"7":{"loc":{"start":{"line":123,"column":4},"end":{"line":127,"column":null}},"type":"if","locations":[{"start":{"line":123,"column":4},"end":{"line":127,"column":null}},{"start":{"line":125,"column":11},"end":{"line":127,"column":null}}],"line":123},"8":{"loc":{"start":{"line":125,"column":11},"end":{"line":127,"column":null}},"type":"if","locations":[{"start":{"line":125,"column":11},"end":{"line":127,"column":null}},{"start":{},"end":{}}],"line":125},"9":{"loc":{"start":{"line":129,"column":4},"end":{"line":138,"column":null}},"type":"if","locations":[{"start":{"line":129,"column":4},"end":{"line":138,"column":null}},{"start":{},"end":{}}],"line":129}},"s":{"0":1,"1":1,"2":1,"3":1,"4":7,"5":7,"6":7,"7":7,"8":7,"9":7,"10":7,"11":7,"12":7,"13":7,"14":14,"15":14,"16":14,"17":7,"18":0,"19":7,"20":5,"21":2,"22":0,"23":2,"24":0,"25":2,"26":2,"27":2,"28":0,"29":0,"30":0,"31":0,"32":0,"33":0,"34":0,"35":0,"36":0,"37":3,"38":3,"39":3,"40":3,"41":0,"42":3,"43":1,"44":0,"45":1,"46":1,"47":3,"48":3,"49":3,"50":1,"51":2,"52":0,"53":3,"54":3,"55":3,"56":2},"f":{"0":1,"1":7,"2":14,"3":14,"4":14,"5":7,"6":0,"7":7,"8":5,"9":2,"10":0,"11":0,"12":0,"13":0,"14":3,"15":0,"16":2},"b":{"0":[0,0],"1":[0,2],"2":[0,0],"3":[0,3],"4":[1,2],"5":[3,2],"6":[1,0],"7":[1,2],"8":[0,2],"9":[3,0]},"meta":{"lastBranch":10,"lastFunction":17,"lastStatement":57,"seen":{"s:8:7:12:Infinity":0,"f:8:7:8:12":0,"s:9:2:9:Infinity":1,"s:10:2:10:Infinity":2,"s:11:2:11:Infinity":3,"s:15:44:15:Infinity":4,"s:16:46:16:Infinity":5,"s:17:32:17:Infinity":6,"f:19:2:19:Infinity":1,"s:20:20:20:Infinity":7,"s:21:20:21:Infinity":8,"s:22:12:22:Infinity":9,"s:23:12:23:Infinity":10,"s:24:12:24:Infinity":11,"s:25:20:25:Infinity":12,"s:26:20:26:Infinity":13,"f:31:2:31:9":2,"s:32:4:32:Infinity":14,"f:35:2:35:9":3,"s:36:4:36:Infinity":15,"f:39:2:39:9":4,"s:40:4:40:Infinity":16,"f:43:2:43:9":5,"s:44:4:44:Infinity":17,"f:47:2:47:9":6,"s:48:4:48:Infinity":18,"f:51:2:51:9":7,"s:52:4:52:Infinity":19,"f:55:2:55:9":8,"s:56:4:56:Infinity":20,"f:59:2:59:9":9,"s:61:21:61:Infinity":21,"f:61:38:61:43":10,"s:61:48:61:117":22,"b:61:48:61:78:61:78:61:117":0,"b:62:4:64:Infinity:undefined:undefined:undefined:undefined":1,"s:62:4:64:Infinity":23,"s:63:6:63:Infinity":24,"s:66:4:66:Infinity":25,"s:67:4:72:Infinity":26,"s:74:4:74:Infinity":27,"f:77:2:77:9":11,"s:78:4:78:Infinity":28,"s:79:4:79:Infinity":29,"f:82:2:82:9":12,"s:83:23:83:Infinity":30,"f:83:40:83:45":13,"s:83:50:83:71":31,"b:84:4:86:Infinity:undefined:undefined:undefined:undefined":2,"s:84:4:86:Infinity":32,"s:85:6:85:Infinity":33,"s:88:4:88:Infinity":34,"s:89:4:94:Infinity":35,"s:96:4:96:Infinity":36,"f:99:2:99:9":14,"s:104:25:104:Infinity":37,"s:105:20:105:Infinity":38,"s:107:4:118:Infinity":39,"b:108:6:110:Infinity:undefined:undefined:undefined:undefined":3,"s:108:6:110:Infinity":40,"s:109:8:109:Infinity":41,"b:111:6:117:Infinity:undefined:undefined:undefined:undefined":4,"s:111:6:117:Infinity":42,"b:111:10:111:57:111:57:111:102":5,"s:113:29:113:Infinity":43,"f:113:45:113:50":15,"s:113:55:113:69":44,"b:114:8:116:Infinity:undefined:undefined:undefined:undefined":6,"s:114:8:116:Infinity":45,"s:115:10:115:Infinity":46,"s:120:22:120:Infinity":47,"s:121:8:121:Infinity":48,"b:123:4:127:Infinity:125:11:127:Infinity":7,"s:123:4:127:Infinity":49,"s:124:6:124:Infinity":50,"b:125:11:127:Infinity:undefined:undefined:undefined:undefined":8,"s:125:11:127:Infinity":51,"s:126:6:126:Infinity":52,"b:129:4:138:Infinity:undefined:undefined:undefined:undefined":9,"s:129:4:138:Infinity":53,"s:130:6:130:Infinity":54,"s:131:6:137:Infinity":55,"f:141:2:141:9":16,"s:142:4:142:Infinity":56},"fnNames":{}}}
,"D:\\Projects\\Parther_Technologies\\logistic\\server\\src\\modules\\time-tracking\\domain\\aggregates\\compliance\\entities\\ComplianceExemption.entity.ts": {"path":"D:\\Projects\\Parther_Technologies\\logistic\\server\\src\\modules\\time-tracking\\domain\\aggregates\\compliance\\entities\\ComplianceExemption.entity.ts","statementMap":{"0":{"start":{"line":3,"column":20},"end":{"line":3,"column":null}},"1":{"start":{"line":4,"column":20},"end":{"line":4,"column":null}},"2":{"start":{"line":5,"column":20},"end":{"line":5,"column":null}},"3":{"start":{"line":6,"column":20},"end":{"line":6,"column":null}},"4":{"start":{"line":7,"column":20},"end":{"line":7,"column":null}},"5":{"start":{"line":8,"column":20},"end":{"line":8,"column":null}},"6":{"start":{"line":9,"column":20},"end":{"line":9,"column":null}},"7":{"start":{"line":13,"column":4},"end":{"line":13,"column":null}}},"fnMap":{"0":{"name":"constructor","decl":{"start":{"line":2,"column":2},"end":{"line":2,"column":null}},"loc":{"start":{"line":10,"column":4},"end":{"line":10,"column":null}},"line":10},"1":{"name":"isExpired","decl":{"start":{"line":12,"column":2},"end":{"line":12,"column":9}},"loc":{"start":{"line":12,"column":60},"end":{"line":14,"column":null}},"line":12}},"branchMap":{"0":{"loc":{"start":{"line":12,"column":19},"end":{"line":12,"column":60}},"type":"default-arg","locations":[{"start":{"line":12,"column":39},"end":{"line":12,"column":60}}],"line":12}},"s":{"0":0,"1":0,"2":0,"3":0,"4":0,"5":0,"6":0,"7":0},"f":{"0":0,"1":0},"b":{"0":[0]},"meta":{"lastBranch":1,"lastFunction":2,"lastStatement":8,"seen":{"f:2:2:2:Infinity":0,"s:3:20:3:Infinity":0,"s:4:20:4:Infinity":1,"s:5:20:5:Infinity":2,"s:6:20:6:Infinity":3,"s:7:20:7:Infinity":4,"s:8:20:8:Infinity":5,"s:9:20:9:Infinity":6,"f:12:2:12:9":1,"b:12:39:12:60":0,"s:13:4:13:Infinity":7},"fnNames":{}}}
,"D:\\Projects\\Parther_Technologies\\logistic\\server\\src\\modules\\time-tracking\\domain\\aggregates\\compliance\\entities\\VerificationAudit.entity.ts": {"path":"D:\\Projects\\Parther_Technologies\\logistic\\server\\src\\modules\\time-tracking\\domain\\aggregates\\compliance\\entities\\VerificationAudit.entity.ts","statementMap":{"0":{"start":{"line":3,"column":20},"end":{"line":3,"column":null}},"1":{"start":{"line":4,"column":20},"end":{"line":4,"column":null}},"2":{"start":{"line":5,"column":20},"end":{"line":5,"column":null}},"3":{"start":{"line":6,"column":20},"end":{"line":6,"column":null}},"4":{"start":{"line":7,"column":20},"end":{"line":7,"column":null}},"5":{"start":{"line":8,"column":20},"end":{"line":8,"column":null}}},"fnMap":{"0":{"name":"constructor","decl":{"start":{"line":2,"column":2},"end":{"line":2,"column":null}},"loc":{"start":{"line":9,"column":4},"end":{"line":9,"column":null}},"line":9}},"branchMap":{},"s":{"0":0,"1":0,"2":0,"3":0,"4":0,"5":0},"f":{"0":0},"b":{},"meta":{"lastBranch":0,"lastFunction":1,"lastStatement":6,"seen":{"f:2:2:2:Infinity":0,"s:3:20:3:Infinity":0,"s:4:20:4:Infinity":1,"s:5:20:5:Infinity":2,"s:6:20:6:Infinity":3,"s:7:20:7:Infinity":4,"s:8:20:8:Infinity":5},"fnNames":{}}}
,"D:\\Projects\\Parther_Technologies\\logistic\\server\\src\\modules\\time-tracking\\domain\\aggregates\\compliance\\entities\\WorkerCredential.entity.ts": {"path":"D:\\Projects\\Parther_Technologies\\logistic\\server\\src\\modules\\time-tracking\\domain\\aggregates\\compliance\\entities\\WorkerCredential.entity.ts","statementMap":{"0":{"start":{"line":9,"column":40},"end":{"line":9,"column":null}},"1":{"start":{"line":12,"column":20},"end":{"line":12,"column":null}},"2":{"start":{"line":13,"column":20},"end":{"line":13,"column":null}},"3":{"start":{"line":14,"column":20},"end":{"line":14,"column":null}},"4":{"start":{"line":15,"column":12},"end":{"line":15,"column":null}},"5":{"start":{"line":16,"column":12},"end":{"line":16,"column":null}},"6":{"start":{"line":17,"column":12},"end":{"line":17,"column":null}},"7":{"start":{"line":18,"column":12},"end":{"line":18,"column":null}},"8":{"start":{"line":19,"column":20},"end":{"line":19,"column":null}},"9":{"start":{"line":20,"column":20},"end":{"line":20,"column":null}},"10":{"start":{"line":24,"column":4},"end":{"line":24,"column":null}},"11":{"start":{"line":28,"column":4},"end":{"line":28,"column":null}},"12":{"start":{"line":32,"column":4},"end":{"line":32,"column":null}},"13":{"start":{"line":36,"column":4},"end":{"line":36,"column":null}},"14":{"start":{"line":40,"column":4},"end":{"line":40,"column":null}},"15":{"start":{"line":44,"column":4},"end":{"line":44,"column":null}},"16":{"start":{"line":48,"column":4},"end":{"line":48,"column":null}},"17":{"start":{"line":49,"column":4},"end":{"line":49,"column":null}},"18":{"start":{"line":50,"column":4},"end":{"line":50,"column":null}},"19":{"start":{"line":54,"column":4},"end":{"line":54,"column":null}},"20":{"start":{"line":55,"column":4},"end":{"line":55,"column":null}},"21":{"start":{"line":59,"column":4},"end":{"line":59,"column":null}},"22":{"start":{"line":60,"column":4},"end":{"line":60,"column":null}},"23":{"start":{"line":64,"column":4},"end":{"line":64,"column":null}},"24":{"start":{"line":65,"column":4},"end":{"line":65,"column":null}},"25":{"start":{"line":69,"column":4},"end":{"line":69,"column":null}},"26":{"start":{"line":73,"column":4},"end":{"line":73,"column":null}}},"fnMap":{"0":{"name":"constructor","decl":{"start":{"line":11,"column":2},"end":{"line":11,"column":null}},"loc":{"start":{"line":21,"column":4},"end":{"line":21,"column":null}},"line":21},"1":{"name":"getState","decl":{"start":{"line":23,"column":2},"end":{"line":23,"column":9}},"loc":{"start":{"line":23,"column":37},"end":{"line":25,"column":null}},"line":23},"2":{"name":"getExpiryDate","decl":{"start":{"line":27,"column":2},"end":{"line":27,"column":9}},"loc":{"start":{"line":27,"column":44},"end":{"line":29,"column":null}},"line":27},"3":{"name":"getCredentialData","decl":{"start":{"line":31,"column":2},"end":{"line":31,"column":9}},"loc":{"start":{"line":31,"column":45},"end":{"line":33,"column":null}},"line":31},"4":{"name":"getRestrictionSet","decl":{"start":{"line":35,"column":2},"end":{"line":35,"column":9}},"loc":{"start":{"line":35,"column":45},"end":{"line":37,"column":null}},"line":35},"5":{"name":"getAudits","decl":{"start":{"line":39,"column":2},"end":{"line":39,"column":9}},"loc":{"start":{"line":39,"column":55},"end":{"line":41,"column":null}},"line":39},"6":{"name":"addAudit","decl":{"start":{"line":43,"column":2},"end":{"line":43,"column":9}},"loc":{"start":{"line":43,"column":50},"end":{"line":45,"column":null}},"line":43},"7":{"name":"verify","decl":{"start":{"line":47,"column":2},"end":{"line":47,"column":9}},"loc":{"start":{"line":47,"column":48},"end":{"line":51,"column":null}},"line":47},"8":{"name":"expire","decl":{"start":{"line":53,"column":2},"end":{"line":53,"column":9}},"loc":{"start":{"line":53,"column":24},"end":{"line":56,"column":null}},"line":53},"9":{"name":"suspend","decl":{"start":{"line":58,"column":2},"end":{"line":58,"column":9}},"loc":{"start":{"line":58,"column":39},"end":{"line":61,"column":null}},"line":58},"10":{"name":"revoke","decl":{"start":{"line":63,"column":2},"end":{"line":63,"column":9}},"loc":{"start":{"line":63,"column":38},"end":{"line":66,"column":null}},"line":63},"11":{"name":"updateRestrictions","decl":{"start":{"line":68,"column":2},"end":{"line":68,"column":9}},"loc":{"start":{"line":68,"column":67},"end":{"line":70,"column":null}},"line":68},"12":{"name":"isExpired","decl":{"start":{"line":72,"column":2},"end":{"line":72,"column":9}},"loc":{"start":{"line":72,"column":30},"end":{"line":74,"column":null}},"line":72}},"branchMap":{"0":{"loc":{"start":{"line":73,"column":11},"end":{"line":73,"column":null}},"type":"cond-expr","locations":[{"start":{"line":73,"column":29},"end":{"line":73,"column":59}},{"start":{"line":73,"column":59},"end":{"line":73,"column":null}}],"line":73}},"s":{"0":3,"1":3,"2":3,"3":3,"4":3,"5":3,"6":3,"7":3,"8":3,"9":3,"10":14,"11":6,"12":6,"13":0,"14":0,"15":0,"16":0,"17":0,"18":0,"19":0,"20":0,"21":0,"22":0,"23":0,"24":0,"25":0,"26":0},"f":{"0":3,"1":14,"2":6,"3":6,"4":0,"5":0,"6":0,"7":0,"8":0,"9":0,"10":0,"11":0,"12":0},"b":{"0":[0,0]},"meta":{"lastBranch":1,"lastFunction":13,"lastStatement":27,"seen":{"s:9:40:9:Infinity":0,"f:11:2:11:Infinity":0,"s:12:20:12:Infinity":1,"s:13:20:13:Infinity":2,"s:14:20:14:Infinity":3,"s:15:12:15:Infinity":4,"s:16:12:16:Infinity":5,"s:17:12:17:Infinity":6,"s:18:12:18:Infinity":7,"s:19:20:19:Infinity":8,"s:20:20:20:Infinity":9,"f:23:2:23:9":1,"s:24:4:24:Infinity":10,"f:27:2:27:9":2,"s:28:4:28:Infinity":11,"f:31:2:31:9":3,"s:32:4:32:Infinity":12,"f:35:2:35:9":4,"s:36:4:36:Infinity":13,"f:39:2:39:9":5,"s:40:4:40:Infinity":14,"f:43:2:43:9":6,"s:44:4:44:Infinity":15,"f:47:2:47:9":7,"s:48:4:48:Infinity":16,"s:49:4:49:Infinity":17,"s:50:4:50:Infinity":18,"f:53:2:53:9":8,"s:54:4:54:Infinity":19,"s:55:4:55:Infinity":20,"f:58:2:58:9":9,"s:59:4:59:Infinity":21,"s:60:4:60:Infinity":22,"f:63:2:63:9":10,"s:64:4:64:Infinity":23,"s:65:4:65:Infinity":24,"f:68:2:68:9":11,"s:69:4:69:Infinity":25,"f:72:2:72:9":12,"s:73:4:73:Infinity":26,"b:73:29:73:59:73:59:73:Infinity":0},"fnNames":{}}}
,"D:\\Projects\\Parther_Technologies\\logistic\\server\\src\\modules\\time-tracking\\domain\\aggregates\\compliance\\events\\WorkerComplianceEvents.ts": {"path":"D:\\Projects\\Parther_Technologies\\logistic\\server\\src\\modules\\time-tracking\\domain\\aggregates\\compliance\\events\\WorkerComplianceEvents.ts","statementMap":{"0":{"start":{"line":3,"column":30},"end":{"line":3,"column":47}},"1":{"start":{"line":3,"column":63},"end":{"line":3,"column":84}},"2":{"start":{"line":4,"column":4},"end":{"line":4,"column":null}},"3":{"start":{"line":16,"column":4},"end":{"line":16,"column":null}},"4":{"start":{"line":12,"column":20},"end":{"line":12,"column":null}},"5":{"start":{"line":13,"column":20},"end":{"line":13,"column":null}},"6":{"start":{"line":14,"column":20},"end":{"line":14,"column":null}},"7":{"start":{"line":27,"column":4},"end":{"line":27,"column":null}},"8":{"start":{"line":24,"column":20},"end":{"line":24,"column":null}},"9":{"start":{"line":25,"column":20},"end":{"line":25,"column":null}},"10":{"start":{"line":38,"column":4},"end":{"line":38,"column":null}},"11":{"start":{"line":35,"column":20},"end":{"line":35,"column":null}},"12":{"start":{"line":36,"column":20},"end":{"line":36,"column":null}}},"fnMap":{"0":{"name":"constructor","decl":{"start":{"line":3,"column":2},"end":{"line":3,"column":14}},"loc":{"start":{"line":3,"column":84},"end":{"line":5,"column":null}},"line":3},"1":{"name":"constructor_2","decl":{"start":{"line":9,"column":2},"end":{"line":9,"column":null}},"loc":{"start":{"line":15,"column":4},"end":{"line":17,"column":null}},"line":15},"2":{"name":"constructor_3","decl":{"start":{"line":21,"column":2},"end":{"line":21,"column":null}},"loc":{"start":{"line":26,"column":4},"end":{"line":28,"column":null}},"line":26},"3":{"name":"constructor_4","decl":{"start":{"line":32,"column":2},"end":{"line":32,"column":null}},"loc":{"start":{"line":37,"column":4},"end":{"line":39,"column":null}},"line":37}},"branchMap":{},"s":{"0":5,"1":5,"2":5,"3":3,"4":3,"5":3,"6":3,"7":2,"8":2,"9":2,"10":0,"11":0,"12":0},"f":{"0":5,"1":3,"2":2,"3":0},"b":{},"meta":{"lastBranch":0,"lastFunction":4,"lastStatement":13,"seen":{"f:3:2:3:14":0,"s:3:30:3:47":0,"s:3:63:3:84":1,"s:4:4:4:Infinity":2,"f:9:2:9:Infinity":1,"s:16:4:16:Infinity":3,"s:12:20:12:Infinity":4,"s:13:20:13:Infinity":5,"s:14:20:14:Infinity":6,"f:21:2:21:Infinity":2,"s:27:4:27:Infinity":7,"s:24:20:24:Infinity":8,"s:25:20:25:Infinity":9,"f:32:2:32:Infinity":3,"s:38:4:38:Infinity":10,"s:35:20:35:Infinity":11,"s:36:20:36:Infinity":12},"fnNames":{}}}
,"D:\\Projects\\Parther_Technologies\\logistic\\server\\src\\modules\\time-tracking\\domain\\aggregates\\compliance\\services\\ComplianceEvaluationService.ts": {"path":"D:\\Projects\\Parther_Technologies\\logistic\\server\\src\\modules\\time-tracking\\domain\\aggregates\\compliance\\services\\ComplianceEvaluationService.ts","statementMap":{"0":{"start":{"line":5,"column":22},"end":{"line":5,"column":56}},"1":{"start":{"line":8,"column":24},"end":{"line":8,"column":null}},"2":{"start":{"line":13,"column":4},"end":{"line":15,"column":null}},"3":{"start":{"line":14,"column":6},"end":{"line":14,"column":null}},"4":{"start":{"line":17,"column":4},"end":{"line":17,"column":null}}},"fnMap":{"0":{"name":"constructor","decl":{"start":{"line":5,"column":2},"end":{"line":5,"column":14}},"loc":{"start":{"line":5,"column":56},"end":{"line":5,"column":null}},"line":5},"1":{"name":"evaluate","decl":{"start":{"line":7,"column":2},"end":{"line":7,"column":9}},"loc":{"start":{"line":7,"column":72},"end":{"line":18,"column":null}},"line":7}},"branchMap":{"0":{"loc":{"start":{"line":13,"column":4},"end":{"line":15,"column":null}},"type":"if","locations":[{"start":{"line":13,"column":4},"end":{"line":15,"column":null}},{"start":{},"end":{}}],"line":13}},"s":{"0":1,"1":0,"2":0,"3":0,"4":0},"f":{"0":1,"1":0},"b":{"0":[0,0]},"meta":{"lastBranch":1,"lastFunction":2,"lastStatement":5,"seen":{"f:5:2:5:14":0,"s:5:22:5:56":0,"f:7:2:7:9":1,"s:8:24:8:Infinity":1,"b:13:4:15:Infinity:undefined:undefined:undefined:undefined":0,"s:13:4:15:Infinity":2,"s:14:6:14:Infinity":3,"s:17:4:17:Infinity":4},"fnNames":{}}}
,"D:\\Projects\\Parther_Technologies\\logistic\\server\\src\\modules\\time-tracking\\domain\\aggregates\\compliance\\services\\RegulatoryRuleEngine.ts": {"path":"D:\\Projects\\Parther_Technologies\\logistic\\server\\src\\modules\\time-tracking\\domain\\aggregates\\compliance\\services\\RegulatoryRuleEngine.ts","statementMap":{"0":{"start":{"line":7,"column":47},"end":{"line":7,"column":null}},"1":{"start":{"line":10,"column":4},"end":{"line":10,"column":null}},"2":{"start":{"line":14,"column":4},"end":{"line":19,"column":null}},"3":{"start":{"line":15,"column":21},"end":{"line":15,"column":null}},"4":{"start":{"line":16,"column":6},"end":{"line":18,"column":null}},"5":{"start":{"line":17,"column":8},"end":{"line":17,"column":null}},"6":{"start":{"line":20,"column":4},"end":{"line":20,"column":null}}},"fnMap":{"0":{"name":"registerRule","decl":{"start":{"line":9,"column":2},"end":{"line":9,"column":9}},"loc":{"start":{"line":9,"column":66},"end":{"line":11,"column":null}},"line":9},"1":{"name":"evaluateAll","decl":{"start":{"line":13,"column":2},"end":{"line":13,"column":9}},"loc":{"start":{"line":13,"column":60},"end":{"line":21,"column":null}},"line":13}},"branchMap":{"0":{"loc":{"start":{"line":16,"column":6},"end":{"line":18,"column":null}},"type":"if","locations":[{"start":{"line":16,"column":6},"end":{"line":18,"column":null}},{"start":{},"end":{}}],"line":16}},"s":{"0":1,"1":0,"2":0,"3":0,"4":0,"5":0,"6":0},"f":{"0":0,"1":0},"b":{"0":[0,0]},"meta":{"lastBranch":1,"lastFunction":2,"lastStatement":7,"seen":{"s:7:47:7:Infinity":0,"f:9:2:9:9":0,"s:10:4:10:Infinity":1,"f:13:2:13:9":1,"s:14:4:19:Infinity":2,"s:15:21:15:Infinity":3,"b:16:6:18:Infinity:undefined:undefined:undefined:undefined":0,"s:16:6:18:Infinity":4,"s:17:8:17:Infinity":5,"s:20:4:20:Infinity":6},"fnNames":{}}}
,"D:\\Projects\\Parther_Technologies\\logistic\\server\\src\\modules\\time-tracking\\domain\\aggregates\\compliance\\state-machines\\CredentialStateMachine.ts": {"path":"D:\\Projects\\Parther_Technologies\\logistic\\server\\src\\modules\\time-tracking\\domain\\aggregates\\compliance\\state-machines\\CredentialStateMachine.ts","statementMap":{"0":{"start":{"line":3,"column":7},"end":{"line":12,"column":null}},"1":{"start":{"line":4,"column":2},"end":{"line":4,"column":null}},"2":{"start":{"line":5,"column":2},"end":{"line":5,"column":null}},"3":{"start":{"line":6,"column":2},"end":{"line":6,"column":null}},"4":{"start":{"line":7,"column":2},"end":{"line":7,"column":null}},"5":{"start":{"line":8,"column":2},"end":{"line":8,"column":null}},"6":{"start":{"line":9,"column":2},"end":{"line":9,"column":null}},"7":{"start":{"line":10,"column":2},"end":{"line":10,"column":null}},"8":{"start":{"line":11,"column":2},"end":{"line":11,"column":null}},"9":{"start":{"line":16,"column":73},"end":{"line":25,"column":null}},"10":{"start":{"line":27,"column":20},"end":{"line":27,"column":null}},"11":{"start":{"line":28,"column":4},"end":{"line":30,"column":null}},"12":{"start":{"line":29,"column":6},"end":{"line":29,"column":null}}},"fnMap":{"0":{"name":"(anonymous_0)","decl":{"start":{"line":3,"column":7},"end":{"line":3,"column":12}},"loc":{"start":{"line":3,"column":7},"end":{"line":12,"column":null}},"line":3},"1":{"name":"transition","decl":{"start":{"line":15,"column":16},"end":{"line":15,"column":27}},"loc":{"start":{"line":15,"column":94},"end":{"line":31,"column":null}},"line":15}},"branchMap":{"0":{"loc":{"start":{"line":27,"column":20},"end":{"line":27,"column":null}},"type":"binary-expr","locations":[{"start":{"line":27,"column":20},"end":{"line":27,"column":54}},{"start":{"line":27,"column":54},"end":{"line":27,"column":null}}],"line":27},"1":{"loc":{"start":{"line":28,"column":4},"end":{"line":30,"column":null}},"type":"if","locations":[{"start":{"line":28,"column":4},"end":{"line":30,"column":null}},{"start":{},"end":{}}],"line":28}},"s":{"0":1,"1":1,"2":1,"3":1,"4":1,"5":1,"6":1,"7":1,"8":1,"9":0,"10":0,"11":0,"12":0},"f":{"0":1,"1":1},"b":{"0":[0,0],"1":[0,0]},"meta":{"lastBranch":2,"lastFunction":2,"lastStatement":13,"seen":{"s:3:7:12:Infinity":0,"f:3:7:3:12":0,"s:4:2:4:Infinity":1,"s:5:2:5:Infinity":2,"s:6:2:6:Infinity":3,"s:7:2:7:Infinity":4,"s:8:2:8:Infinity":5,"s:9:2:9:Infinity":6,"s:10:2:10:Infinity":7,"s:11:2:11:Infinity":8,"f:15:16:15:27":1,"s:16:73:25:Infinity":9,"s:27:20:27:Infinity":10,"b:27:20:27:54:27:54:27:Infinity":0,"b:28:4:30:Infinity:undefined:undefined:undefined:undefined":1,"s:28:4:30:Infinity":11,"s:29:6:29:Infinity":12},"fnNames":{}}}
,"D:\\Projects\\Parther_Technologies\\logistic\\server\\src\\modules\\time-tracking\\domain\\aggregates\\compliance\\value-objects\\CredentialData.vo.ts": {"path":"D:\\Projects\\Parther_Technologies\\logistic\\server\\src\\modules\\time-tracking\\domain\\aggregates\\compliance\\value-objects\\CredentialData.vo.ts","statementMap":{"0":{"start":{"line":2,"column":38},"end":{"line":2,"column":64}},"1":{"start":{"line":5,"column":4},"end":{"line":5,"column":null}}},"fnMap":{"0":{"name":"constructor","decl":{"start":{"line":2,"column":2},"end":{"line":2,"column":10}},"loc":{"start":{"line":2,"column":64},"end":{"line":2,"column":null}},"line":2},"1":{"name":"fromEncrypted","decl":{"start":{"line":4,"column":16},"end":{"line":4,"column":30}},"loc":{"start":{"line":4,"column":63},"end":{"line":6,"column":null}},"line":4}},"branchMap":{},"s":{"0":3,"1":3},"f":{"0":3,"1":1},"b":{},"meta":{"lastBranch":0,"lastFunction":2,"lastStatement":2,"seen":{"f:2:2:2:10":0,"s:2:38:2:64":0,"f:4:16:4:30":1,"s:5:4:5:Infinity":1},"fnNames":{}}}
,"D:\\Projects\\Parther_Technologies\\logistic\\server\\src\\modules\\time-tracking\\domain\\aggregates\\compliance\\value-objects\\ExpiryDate.vo.ts": {"path":"D:\\Projects\\Parther_Technologies\\logistic\\server\\src\\modules\\time-tracking\\domain\\aggregates\\compliance\\value-objects\\ExpiryDate.vo.ts","statementMap":{"0":{"start":{"line":4,"column":38},"end":{"line":4,"column":51}},"1":{"start":{"line":7,"column":4},"end":{"line":9,"column":null}},"2":{"start":{"line":8,"column":6},"end":{"line":8,"column":null}},"3":{"start":{"line":10,"column":4},"end":{"line":10,"column":null}},"4":{"start":{"line":14,"column":4},"end":{"line":14,"column":null}},"5":{"start":{"line":18,"column":26},"end":{"line":18,"column":null}},"6":{"start":{"line":19,"column":4},"end":{"line":19,"column":null}}},"fnMap":{"0":{"name":"constructor","decl":{"start":{"line":4,"column":2},"end":{"line":4,"column":10}},"loc":{"start":{"line":4,"column":51},"end":{"line":4,"column":null}},"line":4},"1":{"name":"create","decl":{"start":{"line":6,"column":16},"end":{"line":6,"column":23}},"loc":{"start":{"line":6,"column":82},"end":{"line":11,"column":null}},"line":6},"2":{"name":"isExpired","decl":{"start":{"line":13,"column":2},"end":{"line":13,"column":9}},"loc":{"start":{"line":13,"column":60},"end":{"line":15,"column":null}},"line":13},"3":{"name":"isExpiringSoon","decl":{"start":{"line":17,"column":2},"end":{"line":17,"column":9}},"loc":{"start":{"line":17,"column":93},"end":{"line":20,"column":null}},"line":17}},"branchMap":{"0":{"loc":{"start":{"line":6,"column":35},"end":{"line":6,"column":82}},"type":"default-arg","locations":[{"start":{"line":6,"column":63},"end":{"line":6,"column":82}}],"line":6},"1":{"loc":{"start":{"line":7,"column":4},"end":{"line":9,"column":null}},"type":"if","locations":[{"start":{"line":7,"column":4},"end":{"line":9,"column":null}},{"start":{},"end":{}}],"line":7},"2":{"loc":{"start":{"line":7,"column":8},"end":{"line":7,"column":59}},"type":"binary-expr","locations":[{"start":{"line":7,"column":8},"end":{"line":7,"column":29}},{"start":{"line":7,"column":29},"end":{"line":7,"column":59}}],"line":7},"3":{"loc":{"start":{"line":13,"column":19},"end":{"line":13,"column":60}},"type":"default-arg","locations":[{"start":{"line":13,"column":39},"end":{"line":13,"column":60}}],"line":13},"4":{"loc":{"start":{"line":17,"column":24},"end":{"line":17,"column":52}},"type":"default-arg","locations":[{"start":{"line":17,"column":48},"end":{"line":17,"column":52}}],"line":17},"5":{"loc":{"start":{"line":17,"column":52},"end":{"line":17,"column":93}},"type":"default-arg","locations":[{"start":{"line":17,"column":72},"end":{"line":17,"column":93}}],"line":17},"6":{"loc":{"start":{"line":19,"column":11},"end":{"line":19,"column":null}},"type":"binary-expr","locations":[{"start":{"line":19,"column":11},"end":{"line":19,"column":62}},{"start":{"line":19,"column":62},"end":{"line":19,"column":null}}],"line":19}},"s":{"0":3,"1":3,"2":0,"3":3,"4":0,"5":0,"6":0},"f":{"0":3,"1":1,"2":0,"3":0},"b":{"0":[3],"1":[0,3],"2":[3,2],"3":[0],"4":[0],"5":[0],"6":[0,0]},"meta":{"lastBranch":7,"lastFunction":4,"lastStatement":7,"seen":{"f:4:2:4:10":0,"s:4:38:4:51":0,"f:6:16:6:23":1,"b:6:63:6:82":0,"b:7:4:9:Infinity:undefined:undefined:undefined:undefined":1,"s:7:4:9:Infinity":1,"b:7:8:7:29:7:29:7:59":2,"s:8:6:8:Infinity":2,"s:10:4:10:Infinity":3,"f:13:2:13:9":2,"b:13:39:13:60":3,"s:14:4:14:Infinity":4,"f:17:2:17:9":3,"b:17:48:17:52":4,"b:17:72:17:93":5,"s:18:26:18:Infinity":5,"s:19:4:19:Infinity":6,"b:19:11:19:62:19:62:19:Infinity":6},"fnNames":{}}}
,"D:\\Projects\\Parther_Technologies\\logistic\\server\\src\\modules\\time-tracking\\domain\\aggregates\\compliance\\value-objects\\PolicySnapshot.vo.ts": {"path":"D:\\Projects\\Parther_Technologies\\logistic\\server\\src\\modules\\time-tracking\\domain\\aggregates\\compliance\\value-objects\\PolicySnapshot.vo.ts","statementMap":{"0":{"start":{"line":2,"column":38},"end":{"line":2,"column":73}},"1":{"start":{"line":5,"column":4},"end":{"line":5,"column":null}}},"fnMap":{"0":{"name":"constructor","decl":{"start":{"line":2,"column":2},"end":{"line":2,"column":10}},"loc":{"start":{"line":2,"column":73},"end":{"line":2,"column":null}},"line":2},"1":{"name":"create","decl":{"start":{"line":4,"column":16},"end":{"line":4,"column":23}},"loc":{"start":{"line":4,"column":66},"end":{"line":6,"column":null}},"line":4}},"branchMap":{},"s":{"0":7,"1":7},"f":{"0":7,"1":1},"b":{},"meta":{"lastBranch":0,"lastFunction":2,"lastStatement":2,"seen":{"f:2:2:2:10":0,"s:2:38:2:73":0,"f:4:16:4:23":1,"s:5:4:5:Infinity":1},"fnNames":{}}}
,"D:\\Projects\\Parther_Technologies\\logistic\\server\\src\\modules\\time-tracking\\domain\\aggregates\\compliance\\value-objects\\RestrictionSet.vo.ts": {"path":"D:\\Projects\\Parther_Technologies\\logistic\\server\\src\\modules\\time-tracking\\domain\\aggregates\\compliance\\value-objects\\RestrictionSet.vo.ts","statementMap":{"0":{"start":{"line":2,"column":38},"end":{"line":2,"column":75}},"1":{"start":{"line":5,"column":4},"end":{"line":5,"column":null}},"2":{"start":{"line":9,"column":4},"end":{"line":9,"column":null}},"3":{"start":{"line":13,"column":21},"end":{"line":13,"column":null}},"4":{"start":{"line":14,"column":4},"end":{"line":14,"column":null}}},"fnMap":{"0":{"name":"constructor","decl":{"start":{"line":2,"column":2},"end":{"line":2,"column":10}},"loc":{"start":{"line":2,"column":75},"end":{"line":2,"column":null}},"line":2},"1":{"name":"create","decl":{"start":{"line":4,"column":16},"end":{"line":4,"column":23}},"loc":{"start":{"line":4,"column":68},"end":{"line":6,"column":null}},"line":4},"2":{"name":"hasRestriction","decl":{"start":{"line":8,"column":2},"end":{"line":8,"column":9}},"loc":{"start":{"line":8,"column":54},"end":{"line":10,"column":null}},"line":8},"3":{"name":"merge","decl":{"start":{"line":12,"column":2},"end":{"line":12,"column":9}},"loc":{"start":{"line":12,"column":54},"end":{"line":15,"column":null}},"line":12}},"branchMap":{"0":{"loc":{"start":{"line":4,"column":23},"end":{"line":4,"column":68}},"type":"default-arg","locations":[{"start":{"line":4,"column":48},"end":{"line":4,"column":68}}],"line":4}},"s":{"0":3,"1":3,"2":0,"3":0,"4":0},"f":{"0":3,"1":1,"2":0,"3":0},"b":{"0":[3]},"meta":{"lastBranch":1,"lastFunction":4,"lastStatement":5,"seen":{"f:2:2:2:10":0,"s:2:38:2:75":0,"f:4:16:4:23":1,"b:4:48:4:68":0,"s:5:4:5:Infinity":1,"f:8:2:8:9":2,"s:9:4:9:Infinity":2,"f:12:2:12:9":3,"s:13:21:13:Infinity":3,"s:14:4:14:Infinity":4},"fnNames":{}}}
,"D:\\Projects\\Parther_Technologies\\logistic\\server\\src\\modules\\time-tracking\\domain\\exceptions\\DomainException.ts": {"path":"D:\\Projects\\Parther_Technologies\\logistic\\server\\src\\modules\\time-tracking\\domain\\exceptions\\DomainException.ts","statementMap":{"0":{"start":{"line":3,"column":4},"end":{"line":3,"column":null}},"1":{"start":{"line":2,"column":30},"end":{"line":2,"column":44}},"2":{"start":{"line":4,"column":4},"end":{"line":4,"column":null}}},"fnMap":{"0":{"name":"constructor","decl":{"start":{"line":2,"column":2},"end":{"line":2,"column":14}},"loc":{"start":{"line":2,"column":61},"end":{"line":5,"column":null}},"line":2}},"branchMap":{},"s":{"0":0,"1":0,"2":0},"f":{"0":0},"b":{},"meta":{"lastBranch":0,"lastFunction":1,"lastStatement":3,"seen":{"f:2:2:2:14":0,"s:3:4:3:Infinity":0,"s:2:30:2:44":1,"s:4:4:4:Infinity":2},"fnNames":{}}}
,"D:\\Projects\\Parther_Technologies\\logistic\\server\\src\\modules\\time-tracking\\infrastructure\\__tests__\\E2EBootstrap.ts": {"path":"D:\\Projects\\Parther_Technologies\\logistic\\server\\src\\modules\\time-tracking\\infrastructure\\__tests__\\E2EBootstrap.ts","statementMap":{"0":{"start":{"line":15,"column":23},"end":{"line":15,"column":null}},"1":{"start":{"line":16,"column":19},"end":{"line":16,"column":null}},"2":{"start":{"line":17,"column":24},"end":{"line":17,"column":null}},"3":{"start":{"line":18,"column":23},"end":{"line":18,"column":null}},"4":{"start":{"line":19,"column":30},"end":{"line":19,"column":null}},"5":{"start":{"line":21,"column":31},"end":{"line":26,"column":null}},"6":{"start":{"line":28,"column":4},"end":{"line":33,"column":null}}},"fnMap":{"0":{"name":"initialize","decl":{"start":{"line":14,"column":22},"end":{"line":14,"column":33}},"loc":{"start":{"line":14,"column":55},"end":{"line":34,"column":null}},"line":14}},"branchMap":{},"s":{"0":1,"1":1,"2":1,"3":1,"4":1,"5":1,"6":1},"f":{"0":1},"b":{},"meta":{"lastBranch":0,"lastFunction":1,"lastStatement":7,"seen":{"f:14:22:14:33":0,"s:15:23:15:Infinity":0,"s:16:19:16:Infinity":1,"s:17:24:17:Infinity":2,"s:18:23:18:Infinity":3,"s:19:30:19:Infinity":4,"s:21:31:26:Infinity":5,"s:28:4:33:Infinity":6},"fnNames":{}}}
,"D:\\Projects\\Parther_Technologies\\logistic\\server\\src\\modules\\time-tracking\\infrastructure\\__tests__\\adapters\\TestAuthorizationService.ts": {"path":"D:\\Projects\\Parther_Technologies\\logistic\\server\\src\\modules\\time-tracking\\infrastructure\\__tests__\\adapters\\TestAuthorizationService.ts","statementMap":{"0":{"start":{"line":6,"column":4},"end":{"line":6,"column":null}}},"fnMap":{"0":{"name":"checkPermission","decl":{"start":{"line":4,"column":15},"end":{"line":4,"column":31}},"loc":{"start":{"line":4,"column":99},"end":{"line":7,"column":null}},"line":4}},"branchMap":{},"s":{"0":4},"f":{"0":4},"b":{},"meta":{"lastBranch":0,"lastFunction":1,"lastStatement":1,"seen":{"f:4:15:4:31":0,"s:6:4:6:Infinity":0},"fnNames":{}}}
,"D:\\Projects\\Parther_Technologies\\logistic\\server\\src\\modules\\time-tracking\\infrastructure\\__tests__\\adapters\\TestPrismaEventOutboxService.ts": {"path":"D:\\Projects\\Parther_Technologies\\logistic\\server\\src\\modules\\time-tracking\\infrastructure\\__tests__\\adapters\\TestPrismaEventOutboxService.ts","statementMap":{"0":{"start":{"line":6,"column":22},"end":{"line":6,"column":44}},"1":{"start":{"line":9,"column":18},"end":{"line":9,"column":null}},"2":{"start":{"line":11,"column":4},"end":{"line":37,"column":null}},"3":{"start":{"line":13,"column":23},"end":{"line":19,"column":null}},"4":{"start":{"line":22,"column":22},"end":{"line":29,"column":null}},"5":{"start":{"line":31,"column":6},"end":{"line":36,"column":null}},"6":{"start":{"line":32,"column":8},"end":{"line":32,"column":null}},"7":{"start":{"line":33,"column":8},"end":{"line":33,"column":null}},"8":{"start":{"line":35,"column":8},"end":{"line":35,"column":null}}},"fnMap":{"0":{"name":"constructor","decl":{"start":{"line":6,"column":2},"end":{"line":6,"column":14}},"loc":{"start":{"line":6,"column":44},"end":{"line":6,"column":null}},"line":6},"1":{"name":"publish","decl":{"start":{"line":8,"column":15},"end":{"line":8,"column":23}},"loc":{"start":{"line":8,"column":75},"end":{"line":38,"column":null}},"line":8}},"branchMap":{"0":{"loc":{"start":{"line":15,"column":19},"end":{"line":15,"column":null}},"type":"binary-expr","locations":[{"start":{"line":15,"column":19},"end":{"line":15,"column":36}},{"start":{"line":15,"column":36},"end":{"line":15,"column":null}}],"line":15},"1":{"loc":{"start":{"line":24,"column":19},"end":{"line":24,"column":null}},"type":"binary-expr","locations":[{"start":{"line":24,"column":19},"end":{"line":24,"column":36}},{"start":{"line":24,"column":36},"end":{"line":24,"column":null}}],"line":24},"2":{"loc":{"start":{"line":26,"column":23},"end":{"line":26,"column":null}},"type":"binary-expr","locations":[{"start":{"line":26,"column":23},"end":{"line":26,"column":44}},{"start":{"line":26,"column":44},"end":{"line":26,"column":null}}],"line":26},"3":{"loc":{"start":{"line":31,"column":6},"end":{"line":36,"column":null}},"type":"if","locations":[{"start":{"line":31,"column":6},"end":{"line":36,"column":null}},{"start":{"line":34,"column":13},"end":{"line":36,"column":null}}],"line":31}},"s":{"0":1,"1":7,"2":7,"3":5,"4":5,"5":5,"6":5,"7":5,"8":0},"f":{"0":1,"1":7},"b":{"0":[5,0],"1":[5,0],"2":[5,0],"3":[5,0]},"meta":{"lastBranch":4,"lastFunction":2,"lastStatement":9,"seen":{"f:6:2:6:14":0,"s:6:22:6:44":0,"f:8:15:8:23":1,"s:9:18:9:Infinity":1,"s:11:4:37:Infinity":2,"s:13:23:19:Infinity":3,"b:15:19:15:36:15:36:15:Infinity":0,"s:22:22:29:Infinity":4,"b:24:19:24:36:24:36:24:Infinity":1,"b:26:23:26:44:26:44:26:Infinity":2,"b:31:6:36:Infinity:34:13:36:Infinity":3,"s:31:6:36:Infinity":5,"s:32:8:32:Infinity":6,"s:33:8:33:Infinity":7,"s:35:8:35:Infinity":8},"fnNames":{}}}
,"D:\\Projects\\Parther_Technologies\\logistic\\server\\src\\modules\\time-tracking\\infrastructure\\__tests__\\adapters\\TestPrismaWorkerComplianceRepository.ts": {"path":"D:\\Projects\\Parther_Technologies\\logistic\\server\\src\\modules\\time-tracking\\infrastructure\\__tests__\\adapters\\TestPrismaWorkerComplianceRepository.ts","statementMap":{"0":{"start":{"line":12,"column":45},"end":{"line":12,"column":null}},"1":{"start":{"line":14,"column":22},"end":{"line":14,"column":44}},"2":{"start":{"line":17,"column":19},"end":{"line":20,"column":null}},"3":{"start":{"line":22,"column":4},"end":{"line":22,"column":null}},"4":{"start":{"line":22,"column":17},"end":{"line":22,"column":null}},"5":{"start":{"line":24,"column":23},"end":{"line":32,"column":null}},"6":{"start":{"line":35,"column":4},"end":{"line":35,"column":null}},"7":{"start":{"line":38,"column":32},"end":{"line":38,"column":null}},"8":{"start":{"line":39,"column":4},"end":{"line":52,"column":null}},"9":{"start":{"line":40,"column":25},"end":{"line":50,"column":null}},"10":{"start":{"line":51,"column":6},"end":{"line":51,"column":null}},"11":{"start":{"line":54,"column":4},"end":{"line":54,"column":null}},"12":{"start":{"line":58,"column":24},"end":{"line":73,"column":null}},"13":{"start":{"line":75,"column":26},"end":{"line":94,"column":null}},"14":{"start":{"line":76,"column":6},"end":{"line":93,"column":null}},"15":{"start":{"line":96,"column":4},"end":{"line":101,"column":null}},"16":{"start":{"line":97,"column":6},"end":{"line":97,"column":null}},"17":{"start":{"line":98,"column":6},"end":{"line":98,"column":null}},"18":{"start":{"line":98,"column":34},"end":{"line":98,"column":57}},"19":{"start":{"line":100,"column":6},"end":{"line":100,"column":null}},"20":{"start":{"line":105,"column":4},"end":{"line":105,"column":null}},"21":{"start":{"line":106,"column":4},"end":{"line":106,"column":null}},"22":{"start":{"line":110,"column":4},"end":{"line":113,"column":null}},"23":{"start":{"line":111,"column":6},"end":{"line":111,"column":null}},"24":{"start":{"line":112,"column":6},"end":{"line":112,"column":null}},"25":{"start":{"line":117,"column":4},"end":{"line":120,"column":null}},"26":{"start":{"line":119,"column":6},"end":{"line":119,"column":null}}},"fnMap":{"0":{"name":"constructor","decl":{"start":{"line":14,"column":2},"end":{"line":14,"column":14}},"loc":{"start":{"line":14,"column":44},"end":{"line":14,"column":null}},"line":14},"1":{"name":"findById","decl":{"start":{"line":16,"column":15},"end":{"line":16,"column":24}},"loc":{"start":{"line":16,"column":76},"end":{"line":55,"column":null}},"line":16},"2":{"name":"save","decl":{"start":{"line":57,"column":15},"end":{"line":57,"column":20}},"loc":{"start":{"line":57,"column":65},"end":{"line":102,"column":null}},"line":57},"3":{"name":"(anonymous_3)","decl":{"start":{"line":75,"column":54},"end":{"line":75,"column":58}},"loc":{"start":{"line":76,"column":6},"end":{"line":93,"column":null}},"line":76},"4":{"name":"(anonymous_4)","decl":{"start":{"line":98,"column":20},"end":{"line":98,"column":28}},"loc":{"start":{"line":98,"column":34},"end":{"line":98,"column":57}},"line":98},"5":{"name":"beginTransaction","decl":{"start":{"line":104,"column":15},"end":{"line":104,"column":48}},"loc":{"start":{"line":104,"column":48},"end":{"line":107,"column":null}},"line":104},"6":{"name":"commitTransaction","decl":{"start":{"line":109,"column":15},"end":{"line":109,"column":33}},"loc":{"start":{"line":109,"column":57},"end":{"line":114,"column":null}},"line":109},"7":{"name":"rollbackTransaction","decl":{"start":{"line":116,"column":15},"end":{"line":116,"column":35}},"loc":{"start":{"line":116,"column":59},"end":{"line":121,"column":null}},"line":116}},"branchMap":{"0":{"loc":{"start":{"line":22,"column":4},"end":{"line":22,"column":null}},"type":"if","locations":[{"start":{"line":22,"column":4},"end":{"line":22,"column":null}},{"start":{},"end":{}}],"line":22},"1":{"loc":{"start":{"line":28,"column":29},"end":{"line":28,"column":64}},"type":"binary-expr","locations":[{"start":{"line":28,"column":29},"end":{"line":28,"column":62}},{"start":{"line":28,"column":62},"end":{"line":28,"column":64}}],"line":28},"2":{"loc":{"start":{"line":45,"column":8},"end":{"line":45,"column":null}},"type":"cond-expr","locations":[{"start":{"line":45,"column":26},"end":{"line":45,"column":69}},{"start":{"line":45,"column":69},"end":{"line":45,"column":null}}],"line":45},"3":{"loc":{"start":{"line":46,"column":38},"end":{"line":46,"column":74}},"type":"binary-expr","locations":[{"start":{"line":46,"column":38},"end":{"line":46,"column":72}},{"start":{"line":46,"column":72},"end":{"line":46,"column":74}}],"line":46},"4":{"loc":{"start":{"line":82,"column":22},"end":{"line":82,"column":null}},"type":"binary-expr","locations":[{"start":{"line":82,"column":22},"end":{"line":82,"column":53}},{"start":{"line":82,"column":53},"end":{"line":82,"column":null}}],"line":82},"5":{"loc":{"start":{"line":91,"column":22},"end":{"line":91,"column":null}},"type":"binary-expr","locations":[{"start":{"line":91,"column":22},"end":{"line":91,"column":53}},{"start":{"line":91,"column":53},"end":{"line":91,"column":null}}],"line":91},"6":{"loc":{"start":{"line":96,"column":4},"end":{"line":101,"column":null}},"type":"if","locations":[{"start":{"line":96,"column":4},"end":{"line":101,"column":null}},{"start":{"line":99,"column":11},"end":{"line":101,"column":null}}],"line":96},"7":{"loc":{"start":{"line":110,"column":4},"end":{"line":113,"column":null}},"type":"if","locations":[{"start":{"line":110,"column":4},"end":{"line":113,"column":null}},{"start":{},"end":{}}],"line":110},"8":{"loc":{"start":{"line":110,"column":8},"end":{"line":110,"column":63}},"type":"binary-expr","locations":[{"start":{"line":110,"column":8},"end":{"line":110,"column":40}},{"start":{"line":110,"column":40},"end":{"line":110,"column":63}}],"line":110},"9":{"loc":{"start":{"line":117,"column":4},"end":{"line":120,"column":null}},"type":"if","locations":[{"start":{"line":117,"column":4},"end":{"line":120,"column":null}},{"start":{},"end":{}}],"line":117},"10":{"loc":{"start":{"line":117,"column":8},"end":{"line":117,"column":63}},"type":"binary-expr","locations":[{"start":{"line":117,"column":8},"end":{"line":117,"column":40}},{"start":{"line":117,"column":40},"end":{"line":117,"column":63}}],"line":117}},"s":{"0":1,"1":1,"2":7,"3":7,"4":4,"5":3,"6":7,"7":7,"8":7,"9":1,"10":1,"11":3,"12":7,"13":7,"14":3,"15":7,"16":7,"17":7,"18":3,"19":0,"20":7,"21":7,"22":7,"23":7,"24":6,"25":1,"26":1},"f":{"0":1,"1":7,"2":7,"3":3,"4":3,"5":7,"6":7,"7":1},"b":{"0":[4,3],"1":[3,0],"2":[1,0],"3":[1,0],"4":[3,0],"5":[3,0],"6":[7,0],"7":[7,0],"8":[7,7],"9":[1,0],"10":[1,1]},"meta":{"lastBranch":11,"lastFunction":8,"lastStatement":27,"seen":{"s:12:45:12:Infinity":0,"f:14:2:14:14":0,"s:14:22:14:44":1,"f:16:15:16:24":1,"s:17:19:20:Infinity":2,"b:22:4:22:Infinity:undefined:undefined:undefined:undefined":0,"s:22:4:22:Infinity":3,"s:22:17:22:Infinity":4,"s:24:23:32:Infinity":5,"b:28:29:28:62:28:62:28:64":1,"s:35:4:35:Infinity":6,"s:38:32:38:Infinity":7,"s:39:4:52:Infinity":8,"s:40:25:50:Infinity":9,"b:45:26:45:69:45:69:45:Infinity":2,"b:46:38:46:72:46:72:46:74":3,"s:51:6:51:Infinity":10,"s:54:4:54:Infinity":11,"f:57:15:57:20":2,"s:58:24:73:Infinity":12,"s:75:26:94:Infinity":13,"f:75:54:75:58":3,"s:76:6:93:Infinity":14,"b:82:22:82:53:82:53:82:Infinity":4,"b:91:22:91:53:91:53:91:Infinity":5,"b:96:4:101:Infinity:99:11:101:Infinity":6,"s:96:4:101:Infinity":15,"s:97:6:97:Infinity":16,"s:98:6:98:Infinity":17,"f:98:20:98:28":4,"s:98:34:98:57":18,"s:100:6:100:Infinity":19,"f:104:15:104:48":5,"s:105:4:105:Infinity":20,"s:106:4:106:Infinity":21,"f:109:15:109:33":6,"b:110:4:113:Infinity:undefined:undefined:undefined:undefined":7,"s:110:4:113:Infinity":22,"b:110:8:110:40:110:40:110:63":8,"s:111:6:111:Infinity":23,"s:112:6:112:Infinity":24,"f:116:15:116:35":7,"b:117:4:120:Infinity:undefined:undefined:undefined:undefined":9,"s:117:4:120:Infinity":25,"b:117:8:117:40:117:40:117:63":10,"s:119:6:119:Infinity":26},"fnNames":{}}}
,"D:\\Projects\\Parther_Technologies\\logistic\\server\\src\\modules\\time-tracking\\infrastructure\\__tests__\\adapters\\TestUnitOfWork.ts": {"path":"D:\\Projects\\Parther_Technologies\\logistic\\server\\src\\modules\\time-tracking\\infrastructure\\__tests__\\adapters\\TestUnitOfWork.ts","statementMap":{"0":{"start":{"line":4,"column":29},"end":{"line":4,"column":null}},"1":{"start":{"line":6,"column":21},"end":{"line":6,"column":43}},"2":{"start":{"line":9,"column":4},"end":{"line":9,"column":null}},"3":{"start":{"line":13,"column":4},"end":{"line":15,"column":null}},"4":{"start":{"line":14,"column":6},"end":{"line":14,"column":null}},"5":{"start":{"line":16,"column":4},"end":{"line":16,"column":null}}},"fnMap":{"0":{"name":"constructor","decl":{"start":{"line":6,"column":2},"end":{"line":6,"column":14}},"loc":{"start":{"line":6,"column":43},"end":{"line":6,"column":null}},"line":6},"1":{"name":"add","decl":{"start":{"line":8,"column":2},"end":{"line":8,"column":9}},"loc":{"start":{"line":8,"column":29},"end":{"line":10,"column":null}},"line":8},"2":{"name":"commit","decl":{"start":{"line":12,"column":15},"end":{"line":12,"column":24}},"loc":{"start":{"line":12,"column":24},"end":{"line":17,"column":null}},"line":12}},"branchMap":{"0":{"loc":{"start":{"line":13,"column":4},"end":{"line":15,"column":null}},"type":"if","locations":[{"start":{"line":13,"column":4},"end":{"line":15,"column":null}},{"start":{},"end":{}}],"line":13}},"s":{"0":7,"1":7,"2":21,"3":7,"4":7,"5":6},"f":{"0":7,"1":21,"2":7},"b":{"0":[7,0]},"meta":{"lastBranch":1,"lastFunction":3,"lastStatement":6,"seen":{"s:4:29:4:Infinity":0,"f:6:2:6:14":0,"s:6:21:6:43":1,"f:8:2:8:9":1,"s:9:4:9:Infinity":2,"f:12:15:12:24":2,"b:13:4:15:Infinity:undefined:undefined:undefined:undefined":0,"s:13:4:15:Infinity":3,"s:14:6:14:Infinity":4,"s:16:4:16:Infinity":5},"fnNames":{}}}
}
